<?xml version="1.0" encoding="utf-8"?>
<test-run id="2" name="Delegates.Observers.exe" fullname="C:/Users/Alexander/Desktop/Практика/Программирование/backend/ulearn me c# 3/4. Делегирование/Delegates.Observers.csproj/bin/Debug/Delegates.Observers.exe" testcasecount="2" result="Passed" start-time="2020-12-05 22:35:31Z" end-time="2020-12-05 22:35:31Z" duration="0.154917" total="2" passed="2" failed="0" inconclusive="0" skipped="0" asserts="2" random-seed="182609388">
  <command-line><![CDATA["C:\Users\Alexander\Desktop\Практика\Программирование\backend\ulearn me c# 3\4. Делегирование\Delegates.Observers.csproj\bin\Debug\Delegates.Observers.exe"]]></command-line>
  <filter />
  <test-suite type="Assembly" id="1003" name="Delegates.Observers.exe" fullname="C:/Users/Alexander/Desktop/Практика/Программирование/backend/ulearn me c# 3/4. Делегирование/Delegates.Observers.csproj/bin/Debug/Delegates.Observers.exe" runstate="Runnable" testcasecount="2" result="Passed" start-time="2020-12-05 22:35:31Z" end-time="2020-12-05 22:35:31Z" duration="0.154917" total="2" passed="2" failed="0" warnings="0" inconclusive="0" skipped="0" asserts="2">
    <environment framework-version="3.6.0.0" clr-version="4.0.30319.42000" os-version="Microsoft Windows NT 6.2.9200.0" platform="Win32NT" cwd="C:\Users\Alexander\Desktop\Практика\Программирование\backend\ulearn me c# 3\4. Делегирование\Delegates.Observers.csproj\bin\Debug" machine-name="WIN-MTDU5TBBQQA" user="Alexander" user-domain="WIN-MTDU5TBBQQA" culture="ru-RU" uiculture="ru-RU" os-architecture="x86" />
    <settings>
      <setting name="WorkDirectory" value="C:\Users\Alexander\Desktop\Практика\Программирование\backend\ulearn me c# 3\4. Делегирование\Delegates.Observers.csproj\bin\Debug" />
      <setting name="NumberOfTestWorkers" value="8" />
    </settings>
    <properties>
      <property name="_PID" value="4156" />
      <property name="_APPDOMAIN" value="Delegates.Observers.exe" />
    </properties>
    <test-suite type="TestSuite" id="1004" name="Delegates" fullname="Delegates" runstate="Runnable" testcasecount="2" result="Passed" start-time="2020-12-05 22:35:31Z" end-time="2020-12-05 22:35:31Z" duration="0.123937" total="2" passed="2" failed="0" warnings="0" inconclusive="0" skipped="0" asserts="2">
      <test-suite type="TestSuite" id="1005" name="Observers" fullname="Delegates.Observers" runstate="Runnable" testcasecount="2" result="Passed" start-time="2020-12-05 22:35:31Z" end-time="2020-12-05 22:35:31Z" duration="0.094634" total="2" passed="2" failed="0" warnings="0" inconclusive="0" skipped="0" asserts="2">
        <test-suite type="TestFixture" id="1000" name="ObservableStackTests" fullname="Delegates.Observers.ObservableStackTests" classname="Delegates.Observers.ObservableStackTests" runstate="Runnable" testcasecount="2" result="Passed" start-time="2020-12-05 22:35:31Z" end-time="2020-12-05 22:35:31Z" duration="0.063052" total="2" passed="2" failed="0" warnings="0" inconclusive="0" skipped="0" asserts="2">
          <test-case id="1001" name="Log_ShouldBeEmpty_AfterCreation" fullname="Delegates.Observers.ObservableStackTests.Log_ShouldBeEmpty_AfterCreation" methodname="Log_ShouldBeEmpty_AfterCreation" classname="Delegates.Observers.ObservableStackTests" runstate="Runnable" seed="1956524398" result="Passed" start-time="2020-12-05 22:35:31Z" end-time="2020-12-05 22:35:31Z" duration="0.009660" asserts="1" />
          <test-case id="1002" name="Log_ShouldContainAllOperations" fullname="Delegates.Observers.ObservableStackTests.Log_ShouldContainAllOperations" methodname="Log_ShouldContainAllOperations" classname="Delegates.Observers.ObservableStackTests" runstate="Runnable" seed="1740501521" result="Passed" start-time="2020-12-05 22:35:31Z" end-time="2020-12-05 22:35:31Z" duration="0.001613" asserts="1" />
        </test-suite>
      </test-suite>
    </test-suite>
  </test-suite>
</test-run>