<?xml version="1.0" encoding="utf-8"?>
<test-run id="2" name="Generics.Robots.exe" fullname="C:/Users/Alexander/Desktop/Практика/Программирование/backend/ulearn me c# 3/3. Generics/Generics.Robots.csproj/bin/Debug/Generics.Robots.exe" testcasecount="3" result="Passed" start-time="2020-12-01 23:16:44Z" end-time="2020-12-01 23:16:45Z" duration="0.198901" total="3" passed="3" failed="0" inconclusive="0" skipped="0" asserts="3" random-seed="388929899">
  <command-line><![CDATA["C:\Users\Alexander\Desktop\Практика\Программирование\backend\ulearn me c# 3\3. Generics\Generics.Robots.csproj\bin\Debug\Generics.Robots.exe"]]></command-line>
  <filter />
  <test-suite type="Assembly" id="1004" name="Generics.Robots.exe" fullname="C:/Users/Alexander/Desktop/Практика/Программирование/backend/ulearn me c# 3/3. Generics/Generics.Robots.csproj/bin/Debug/Generics.Robots.exe" runstate="Runnable" testcasecount="3" result="Passed" start-time="2020-12-01 23:16:44Z" end-time="2020-12-01 23:16:45Z" duration="0.198901" total="3" passed="3" failed="0" warnings="0" inconclusive="0" skipped="0" asserts="3">
    <environment framework-version="3.6.0.0" clr-version="4.0.30319.42000" os-version="Microsoft Windows NT 6.2.9200.0" platform="Win32NT" cwd="C:\Users\Alexander\Desktop\Практика\Программирование\backend\ulearn me c# 3\3. Generics\Generics.Robots.csproj\bin\Debug" machine-name="WIN-MTDU5TBBQQA" user="Alexander" user-domain="WIN-MTDU5TBBQQA" culture="ru-RU" uiculture="ru-RU" os-architecture="x86" />
    <settings>
      <setting name="WorkDirectory" value="C:\Users\Alexander\Desktop\Практика\Программирование\backend\ulearn me c# 3\3. Generics\Generics.Robots.csproj\bin\Debug" />
      <setting name="NumberOfTestWorkers" value="8" />
    </settings>
    <properties>
      <property name="_PID" value="6580" />
      <property name="_APPDOMAIN" value="Generics.Robots.exe" />
    </properties>
    <test-suite type="TestSuite" id="1005" name="Generics" fullname="Generics" runstate="Runnable" testcasecount="3" result="Passed" start-time="2020-12-01 23:16:44Z" end-time="2020-12-01 23:16:45Z" duration="0.168557" total="3" passed="3" failed="0" warnings="0" inconclusive="0" skipped="0" asserts="3">
      <test-suite type="TestSuite" id="1006" name="Robots" fullname="Generics.Robots" runstate="Runnable" testcasecount="3" result="Passed" start-time="2020-12-01 23:16:44Z" end-time="2020-12-01 23:16:45Z" duration="0.138243" total="3" passed="3" failed="0" warnings="0" inconclusive="0" skipped="0" asserts="3">
        <test-suite type="TestFixture" id="1000" name="Architecture_Should" fullname="Generics.Robots.Architecture_Should" classname="Generics.Robots.Architecture_Should" runstate="Runnable" testcasecount="3" result="Passed" start-time="2020-12-01 23:16:44Z" end-time="2020-12-01 23:16:45Z" duration="0.108053" total="3" passed="3" failed="0" warnings="0" inconclusive="0" skipped="0" asserts="3">
          <test-case id="1003" name="BeCorrectForBuilder" fullname="Generics.Robots.Architecture_Should.BeCorrectForBuilder" methodname="BeCorrectForBuilder" classname="Generics.Robots.Architecture_Should" runstate="Runnable" seed="223787715" result="Passed" start-time="2020-12-01 23:16:44Z" end-time="2020-12-01 23:16:44Z" duration="0.016612" asserts="1" />
          <test-case id="1001" name="BeCorrectForShooterAiWithShooterMover" fullname="Generics.Robots.Architecture_Should.BeCorrectForShooterAiWithShooterMover" methodname="BeCorrectForShooterAiWithShooterMover" classname="Generics.Robots.Architecture_Should" runstate="Runnable" seed="591059785" result="Passed" start-time="2020-12-01 23:16:44Z" end-time="2020-12-01 23:16:44Z" duration="0.001137" asserts="1" />
          <test-case id="1002" name="BeCorrectForShooterAiWithStandardMover" fullname="Generics.Robots.Architecture_Should.BeCorrectForShooterAiWithStandardMover" methodname="BeCorrectForShooterAiWithStandardMover" classname="Generics.Robots.Architecture_Should" runstate="Runnable" seed="2095736299" result="Passed" start-time="2020-12-01 23:16:45Z" end-time="2020-12-01 23:16:45Z" duration="0.000358" asserts="1" />
        </test-suite>
      </test-suite>
    </test-suite>
  </test-suite>
</test-run>